2011-10-18 12:00:56 Notice: Notice (8): Undefined variable: title_for_layout in [/Applications/XAMPP/xamppfiles/htdocs/skit/app/views/index/index.ctp, line 7]
2011-10-19 01:19:40 Notice: Notice (8): Undefined variable: title_for_layout in [/Applications/XAMPP/xamppfiles/htdocs/skit/app/views/index/index.ctp, line 7]
2011-10-19 01:20:52 Notice: Notice (8): Undefined variable: title_for_layout in [/Applications/XAMPP/xamppfiles/htdocs/skit/app/views/addstudent/index.ctp, line 7]
2011-10-19 01:20:57 Notice: Notice (8): Undefined variable: title_for_layout in [/Applications/XAMPP/xamppfiles/htdocs/skit/app/views/index/index.ctp, line 7]
2011-10-19 01:20:59 Notice: Notice (8): Undefined variable: title_for_layout in [/Applications/XAMPP/xamppfiles/htdocs/skit/app/views/addstudent/index.ctp, line 7]
2011-10-19 16:15:16 Notice: Notice (8): Undefined variable: title_for_layout in [/Applications/XAMPP/xamppfiles/htdocs/skit/app/views/index/index.ctp, line 7]
2011-10-19 16:15:39 Notice: Notice (8): Undefined variable: title_for_layout in [/Applications/XAMPP/xamppfiles/htdocs/skit/app/views/index/index.ctp, line 7]
2011-10-19 16:15:40 Notice: Notice (8): Undefined variable: title_for_layout in [/Applications/XAMPP/xamppfiles/htdocs/skit/app/views/addstudent/index.ctp, line 7]
2011-10-19 16:15:42 Notice: Notice (8): Undefined variable: title_for_layout in [/Applications/XAMPP/xamppfiles/htdocs/skit/app/views/opencampus/index.ctp, line 7]
2011-10-19 16:15:48 Notice: Notice (8): Undefined variable: title_for_layout in [/Applications/XAMPP/xamppfiles/htdocs/skit/app/views/index/index.ctp, line 7]
2011-10-19 16:15:49 Notice: Notice (8): Undefined variable: title_for_layout in [/Applications/XAMPP/xamppfiles/htdocs/skit/app/views/addstudent/index.ctp, line 7]
2011-10-19 16:15:51 Notice: Notice (8): Undefined variable: title_for_layout in [/Applications/XAMPP/xamppfiles/htdocs/skit/app/views/opencampus/index.ctp, line 7]
2011-10-19 16:15:54 Notice: Notice (8): Undefined variable: title_for_layout in [/Applications/XAMPP/xamppfiles/htdocs/skit/app/views/experience/index.ctp, line 7]
2011-10-19 16:15:56 Notice: Notice (8): Undefined variable: title_for_layout in [/Applications/XAMPP/xamppfiles/htdocs/skit/app/views/attend/index.ctp, line 7]
2011-10-19 16:15:58 Notice: Notice (8): Undefined variable: title_for_layout in [/Applications/XAMPP/xamppfiles/htdocs/skit/app/views/confattend/index.ctp, line 7]
2011-10-19 16:16:05 Notice: Notice (8): Undefined variable: title_for_layout in [/Applications/XAMPP/xamppfiles/htdocs/skit/app/views/index/index.ctp, line 7]
2011-10-19 16:17:35 Notice: Notice (8): Undefined variable: title_for_layout in [/Applications/XAMPP/xamppfiles/htdocs/skit/app/views/createqr/index.ctp, line 7]
2011-10-19 16:17:41 Notice: Notice (8): Undefined variable: title_for_layout in [/Applications/XAMPP/xamppfiles/htdocs/skit/app/views/index/index.ctp, line 7]
2011-10-19 16:38:24 Notice: Notice (8): Undefined variable: title_for_layout in [/Applications/XAMPP/xamppfiles/htdocs/skit/app/views/index/index.ctp, line 7]
2011-10-19 16:38:25 Notice: Notice (8): Undefined variable: title_for_layout in [/Applications/XAMPP/xamppfiles/htdocs/skit/app/views/addstudent/index.ctp, line 7]
2011-10-19 16:38:27 Notice: Notice (8): Undefined variable: title_for_layout in [/Applications/XAMPP/xamppfiles/htdocs/skit/app/views/opencampus/index.ctp, line 7]
2011-10-19 16:38:29 Notice: Notice (8): Undefined variable: title_for_layout in [/Applications/XAMPP/xamppfiles/htdocs/skit/app/views/experience/index.ctp, line 7]
2011-10-19 16:38:30 Notice: Notice (8): Undefined variable: title_for_layout in [/Applications/XAMPP/xamppfiles/htdocs/skit/app/views/attend/index.ctp, line 7]
2011-10-19 16:38:32 Notice: Notice (8): Undefined variable: title_for_layout in [/Applications/XAMPP/xamppfiles/htdocs/skit/app/views/confattend/index.ctp, line 7]
2011-10-19 16:43:48 Notice: Notice (8): Undefined variable: title_for_layout in [/Applications/XAMPP/xamppfiles/htdocs/skit/app/views/index/index.ctp, line 7]
2011-10-20 06:18:56 Notice: Notice (8): Undefined variable: title_for_layout in [/Applications/XAMPP/xamppfiles/htdocs/skit/app/views/index/index.ctp, line 7]
2011-10-20 06:19:26 Notice: Notice (8): Undefined variable: title_for_layout in [/Applications/XAMPP/xamppfiles/htdocs/skit/app/views/opencampus/index.ctp, line 7]
2011-10-20 06:19:29 Notice: Notice (8): Undefined variable: title_for_layout in [/Applications/XAMPP/xamppfiles/htdocs/skit/app/views/opencampus/index.ctp, line 7]
2011-10-20 06:20:24 Notice: Notice (8): Undefined variable: title_for_layout in [/Applications/XAMPP/xamppfiles/htdocs/skit/app/views/opencampus/index.ctp, line 7]
2011-10-20 06:20:25 Notice: Notice (8): Undefined variable: title_for_layout in [/Applications/XAMPP/xamppfiles/htdocs/skit/app/views/opencampus/reserv.ctp, line 7]
2011-10-20 06:20:25 Notice: Notice (8): Undefined variable: temp in [/Applications/XAMPP/xamppfiles/htdocs/skit/app/views/elements/select_eventday.ctp, line 11]
2011-10-20 06:27:31 Notice: Notice (8): Undefined variable: title_for_layout in [/Applications/XAMPP/xamppfiles/htdocs/skit/app/views/index/index.ctp, line 7]
2011-10-20 06:29:44 Notice: Notice (8): Undefined variable: title_for_layout in [/Applications/XAMPP/xamppfiles/htdocs/skit/app/views/index/index.ctp, line 7]
2011-10-20 06:30:48 Notice: Notice (8): Undefined variable: title_for_layout in [/Applications/XAMPP/xamppfiles/htdocs/skit/app/views/index/index.ctp, line 7]
2011-10-20 06:31:05 Notice: Notice (8): Undefined variable: title_for_layout in [/Applications/XAMPP/xamppfiles/htdocs/skit/app/views/index/index.ctp, line 7]
2011-10-20 06:31:15 Notice: Notice (8): Undefined variable: title_for_layout in [/Applications/XAMPP/xamppfiles/htdocs/skit/app/views/addstudent/index.ctp, line 7]
2011-10-20 06:31:16 Notice: Notice (8): Undefined variable: title_for_layout in [/Applications/XAMPP/xamppfiles/htdocs/skit/app/views/opencampus/index.ctp, line 7]
2011-10-20 06:31:18 Notice: Notice (8): Undefined variable: title_for_layout in [/Applications/XAMPP/xamppfiles/htdocs/skit/app/views/experience/index.ctp, line 7]
2011-10-20 06:31:19 Notice: Notice (8): Undefined variable: title_for_layout in [/Applications/XAMPP/xamppfiles/htdocs/skit/app/views/attend/index.ctp, line 7]
2011-10-20 06:31:20 Notice: Notice (8): Undefined variable: title_for_layout in [/Applications/XAMPP/xamppfiles/htdocs/skit/app/views/confattend/index.ctp, line 7]
2011-10-20 06:32:54 Notice: Notice (8): Undefined variable: title_for_layout in [/Applications/XAMPP/xamppfiles/htdocs/skit/app/views/confattend/index.ctp, line 7]
2011-10-20 06:33:03 Notice: Notice (8): Undefined variable: title_for_layout in [/Applications/XAMPP/xamppfiles/htdocs/skit/app/views/index/index.ctp, line 7]
2011-10-20 06:33:15 Notice: Notice (8): Undefined variable: title_for_layout in [/Applications/XAMPP/xamppfiles/htdocs/skit/app/views/addstudent/index.ctp, line 7]
2011-10-20 06:33:17 Notice: Notice (8): Undefined variable: title_for_layout in [/Applications/XAMPP/xamppfiles/htdocs/skit/app/views/opencampus/index.ctp, line 7]
2011-10-20 06:33:19 Notice: Notice (8): Undefined variable: title_for_layout in [/Applications/XAMPP/xamppfiles/htdocs/skit/app/views/experience/index.ctp, line 7]
2011-10-20 06:33:21 Notice: Notice (8): Undefined variable: title_for_layout in [/Applications/XAMPP/xamppfiles/htdocs/skit/app/views/attend/index.ctp, line 7]
2011-10-20 06:33:22 Notice: Notice (8): Undefined variable: title_for_layout in [/Applications/XAMPP/xamppfiles/htdocs/skit/app/views/confattend/index.ctp, line 7]
2011-10-20 06:33:25 Notice: Notice (8): Undefined variable: title_for_layout in [/Applications/XAMPP/xamppfiles/htdocs/skit/app/views/addstudent/index.ctp, line 7]
2011-10-20 06:33:26 Notice: Notice (8): Undefined variable: title_for_layout in [/Applications/XAMPP/xamppfiles/htdocs/skit/app/views/opencampus/index.ctp, line 7]
2011-10-20 06:33:28 Notice: Notice (8): Undefined variable: title_for_layout in [/Applications/XAMPP/xamppfiles/htdocs/skit/app/views/experience/index.ctp, line 7]
2011-10-20 06:33:30 Notice: Notice (8): Undefined variable: title_for_layout in [/Applications/XAMPP/xamppfiles/htdocs/skit/app/views/attend/index.ctp, line 7]
2011-10-20 06:33:31 Notice: Notice (8): Undefined variable: title_for_layout in [/Applications/XAMPP/xamppfiles/htdocs/skit/app/views/confattend/index.ctp, line 7]
2011-10-20 06:33:33 Notice: Notice (8): Undefined variable: title_for_layout in [/Applications/XAMPP/xamppfiles/htdocs/skit/app/views/index/index.ctp, line 7]
2011-10-20 06:38:27 Notice: Notice (8): Undefined variable: title_for_layout in [/Applications/XAMPP/xamppfiles/htdocs/skit/app/views/addstudent/index.ctp, line 7]
2011-10-20 06:39:23 Notice: Notice (8): Undefined variable: title_for_layout in [/Applications/XAMPP/xamppfiles/htdocs/skit/app/views/addstudent/conf.ctp, line 7]
2011-10-20 06:39:25 Notice: Notice (8): Undefined variable: title_for_layout in [/Applications/XAMPP/xamppfiles/htdocs/skit/app/views/addstudent/index.ctp, line 7]
2011-10-20 06:40:22 Notice: Notice (8): Undefined variable: title_for_layout in [/Applications/XAMPP/xamppfiles/htdocs/skit/app/views/addstudent/index.ctp, line 7]
2011-10-20 06:40:22 Notice: Notice (8): Undefined variable: title_for_layout in [/Applications/XAMPP/xamppfiles/htdocs/skit/app/views/opencampus/index.ctp, line 7]
2011-10-20 06:40:29 Notice: Notice (8): Undefined variable: title_for_layout in [/Applications/XAMPP/xamppfiles/htdocs/skit/app/views/opencampus/index.ctp, line 7]
2011-10-20 06:40:30 Notice: Notice (8): Undefined variable: title_for_layout in [/Applications/XAMPP/xamppfiles/htdocs/skit/app/views/opencampus/reserv.ctp, line 7]
2011-10-20 06:40:30 Notice: Notice (8): Undefined variable: temp in [/Applications/XAMPP/xamppfiles/htdocs/skit/app/views/elements/select_eventday.ctp, line 11]
2011-10-20 06:41:57 Notice: Notice (8): Undefined variable: title_for_layout in [/Applications/XAMPP/xamppfiles/htdocs/skit/app/views/opencampus/index.ctp, line 7]
2011-10-20 06:42:17 Notice: Notice (8): Undefined variable: title_for_layout in [/Applications/XAMPP/xamppfiles/htdocs/skit/app/views/opencampus/index.ctp, line 7]
2011-10-20 06:42:18 Notice: Notice (8): Undefined variable: title_for_layout in [/Applications/XAMPP/xamppfiles/htdocs/skit/app/views/opencampus/reserv.ctp, line 7]
2011-10-20 06:42:18 Notice: Notice (8): Undefined variable: temp in [/Applications/XAMPP/xamppfiles/htdocs/skit/app/views/elements/select_eventday.ctp, line 11]
2011-10-20 06:43:55 Notice: Notice (8): Undefined variable: title_for_layout in [/Applications/XAMPP/xamppfiles/htdocs/skit/app/views/opencampus/reserv.ctp, line 7]
2011-10-20 06:43:55 Notice: Notice (8): Undefined variable: temp in [/Applications/XAMPP/xamppfiles/htdocs/skit/app/views/elements/select_eventday.ctp, line 11]
2011-10-20 06:43:59 Notice: Notice (8): Undefined variable: title_for_layout in [/Applications/XAMPP/xamppfiles/htdocs/skit/app/views/opencampus/reserv.ctp, line 7]
2011-10-20 06:43:59 Notice: Notice (8): Undefined variable: temp in [/Applications/XAMPP/xamppfiles/htdocs/skit/app/views/elements/select_eventday.ctp, line 11]
2011-10-20 06:44:08 Notice: Notice (8): Undefined variable: title_for_layout in [/Applications/XAMPP/xamppfiles/htdocs/skit/app/views/index/index.ctp, line 7]
2011-10-20 06:44:09 Notice: Notice (8): Undefined variable: title_for_layout in [/Applications/XAMPP/xamppfiles/htdocs/skit/app/views/opencampus/index.ctp, line 7]
2011-10-20 06:44:13 Notice: Notice (8): Undefined variable: title_for_layout in [/Applications/XAMPP/xamppfiles/htdocs/skit/app/views/opencampus/index.ctp, line 7]
2011-10-20 06:44:17 Notice: Notice (8): Undefined variable: title_for_layout in [/Applications/XAMPP/xamppfiles/htdocs/skit/app/views/opencampus/reserv.ctp, line 7]
2011-10-20 06:44:17 Notice: Notice (8): Undefined variable: temp in [/Applications/XAMPP/xamppfiles/htdocs/skit/app/views/elements/select_eventday.ctp, line 11]
2011-10-20 06:46:03 Notice: Notice (8): Undefined variable: title_for_layout in [/Applications/XAMPP/xamppfiles/htdocs/skit/app/views/opencampus/index.ctp, line 7]
2011-10-20 06:46:06 Notice: Notice (8): Undefined variable: title_for_layout in [/Applications/XAMPP/xamppfiles/htdocs/skit/app/views/opencampus/index.ctp, line 7]
2011-10-20 06:46:08 Notice: Notice (8): Undefined variable: title_for_layout in [/Applications/XAMPP/xamppfiles/htdocs/skit/app/views/opencampus/index.ctp, line 7]
2011-10-20 06:46:10 Notice: Notice (8): Undefined variable: title_for_layout in [/Applications/XAMPP/xamppfiles/htdocs/skit/app/views/opencampus/index.ctp, line 7]
2011-10-20 06:47:40 Notice: Notice (8): Undefined variable: title_for_layout in [/Applications/XAMPP/xamppfiles/htdocs/skit/app/views/opencampus/reserv.ctp, line 7]
2011-10-20 07:02:43 Notice: Notice (8): Undefined variable: title_for_layout in [/Applications/XAMPP/xamppfiles/htdocs/skit/app/views/opencampus/index.ctp, line 7]
2011-10-20 07:02:46 Notice: Notice (8): Undefined variable: title_for_layout in [/Applications/XAMPP/xamppfiles/htdocs/skit/app/views/opencampus/index.ctp, line 7]
2011-10-20 07:04:40 Notice: Notice (8): Undefined variable: title_for_layout in [/Applications/XAMPP/xamppfiles/htdocs/skit/app/views/opencampus/index.ctp, line 7]
2011-10-20 07:10:21 Notice: Notice (8): Undefined variable: title_for_layout in [/Applications/XAMPP/xamppfiles/htdocs/skit/app/views/opencampus/index.ctp, line 7]
2011-10-20 07:10:24 Notice: Notice (8): Undefined variable: title_for_layout in [/Applications/XAMPP/xamppfiles/htdocs/skit/app/views/index/index.ctp, line 7]
2011-10-20 07:10:25 Notice: Notice (8): Undefined variable: title_for_layout in [/Applications/XAMPP/xamppfiles/htdocs/skit/app/views/opencampus/index.ctp, line 7]
2011-10-20 07:10:30 Notice: Notice (8): Undefined variable: title_for_layout in [/Applications/XAMPP/xamppfiles/htdocs/skit/app/views/opencampus/index.ctp, line 7]
2011-10-20 07:11:16 Notice: Notice (8): Undefined variable: title_for_layout in [/Applications/XAMPP/xamppfiles/htdocs/skit/app/views/index/index.ctp, line 7]
2011-10-20 07:11:18 Notice: Notice (8): Undefined variable: title_for_layout in [/Applications/XAMPP/xamppfiles/htdocs/skit/app/views/opencampus/index.ctp, line 7]
2011-10-20 07:11:21 Notice: Notice (8): Undefined variable: title_for_layout in [/Applications/XAMPP/xamppfiles/htdocs/skit/app/views/opencampus/index.ctp, line 7]
2011-10-20 07:11:29 Notice: Notice (8): Undefined variable: title_for_layout in [/Applications/XAMPP/xamppfiles/htdocs/skit/app/views/opencampus/index.ctp, line 7]
2011-10-20 07:14:25 Notice: Notice (8): Undefined variable: title_for_layout in [/Applications/XAMPP/xamppfiles/htdocs/skit/app/views/opencampus/reserv.ctp, line 7]
2011-10-20 07:14:31 Notice: Notice (8): Undefined index: Event in [/Applications/XAMPP/xamppfiles/htdocs/skit/app/controllers/opencampus_controller.php, line 45]
2011-10-20 07:14:31 Notice: Notice (8): Undefined variable: title_for_layout in [/Applications/XAMPP/xamppfiles/htdocs/skit/app/views/opencampus/conf.ctp, line 7]
2011-10-20 07:17:15 Notice: Notice (8): Undefined index: Event in [/Applications/XAMPP/xamppfiles/htdocs/skit/app/controllers/opencampus_controller.php, line 45]
2011-10-20 07:17:15 Notice: Notice (8): Undefined variable: title_for_layout in [/Applications/XAMPP/xamppfiles/htdocs/skit/app/views/opencampus/conf.ctp, line 7]
2011-10-20 07:17:34 Notice: Notice (8): Undefined index: Event in [/Applications/XAMPP/xamppfiles/htdocs/skit/app/controllers/opencampus_controller.php, line 45]
2011-10-20 07:17:34 Notice: Notice (8): Undefined variable: title_for_layout in [/Applications/XAMPP/xamppfiles/htdocs/skit/app/views/opencampus/conf.ctp, line 7]
2011-10-20 07:18:05 Notice: Notice (8): Undefined index: Event in [/Applications/XAMPP/xamppfiles/htdocs/skit/app/controllers/opencampus_controller.php, line 45]
2011-10-20 07:18:05 Notice: Notice (8): Undefined variable: title_for_layout in [/Applications/XAMPP/xamppfiles/htdocs/skit/app/views/opencampus/conf.ctp, line 7]
2011-10-20 07:20:51 Notice: Notice (8): Undefined index: Event in [/Applications/XAMPP/xamppfiles/htdocs/skit/app/controllers/opencampus_controller.php, line 45]
2011-10-20 07:20:51 Notice: Notice (8): Undefined variable: title_for_layout in [/Applications/XAMPP/xamppfiles/htdocs/skit/app/views/opencampus/conf.ctp, line 7]
2011-10-20 07:22:14 Notice: Notice (8): Undefined index: Event in [/Applications/XAMPP/xamppfiles/htdocs/skit/app/controllers/opencampus_controller.php, line 45]
2011-10-20 07:22:14 Notice: Notice (8): Undefined variable: title_for_layout in [/Applications/XAMPP/xamppfiles/htdocs/skit/app/views/opencampus/conf.ctp, line 7]
2011-10-20 07:22:17 Notice: Notice (8): Undefined variable: title_for_layout in [/Applications/XAMPP/xamppfiles/htdocs/skit/app/views/index/index.ctp, line 7]
2011-10-20 07:22:18 Notice: Notice (8): Undefined variable: title_for_layout in [/Applications/XAMPP/xamppfiles/htdocs/skit/app/views/opencampus/index.ctp, line 7]
2011-10-20 07:22:21 Notice: Notice (8): Undefined variable: title_for_layout in [/Applications/XAMPP/xamppfiles/htdocs/skit/app/views/opencampus/index.ctp, line 7]
2011-10-20 07:22:23 Notice: Notice (8): Undefined variable: title_for_layout in [/Applications/XAMPP/xamppfiles/htdocs/skit/app/views/opencampus/reserv.ctp, line 7]
2011-10-20 07:22:28 Notice: Notice (8): Undefined variable: title_for_layout in [/Applications/XAMPP/xamppfiles/htdocs/skit/app/views/opencampus/conf.ctp, line 7]
2011-10-20 07:22:28 Notice: Notice (8): Undefined index: event_day in [/Applications/XAMPP/xamppfiles/htdocs/skit/app/views/opencampus/conf.ctp, line 44]
2011-10-20 07:22:28 Notice: Notice (8): Undefined index: event_day in [/Applications/XAMPP/xamppfiles/htdocs/skit/app/views/opencampus/conf.ctp, line 52]
2011-10-20 07:24:21 Notice: Notice (8): Undefined variable: title_for_layout in [/Applications/XAMPP/xamppfiles/htdocs/skit/app/views/opencampus/conf.ctp, line 7]
2011-10-20 07:24:21 Notice: Notice (8): Undefined index: event_day in [/Applications/XAMPP/xamppfiles/htdocs/skit/app/views/opencampus/conf.ctp, line 44]
2011-10-20 07:24:21 Notice: Notice (8): Undefined index: event_day in [/Applications/XAMPP/xamppfiles/htdocs/skit/app/views/opencampus/conf.ctp, line 52]
2011-10-20 07:26:02 Notice: Notice (8): Undefined variable: title_for_layout in [/Applications/XAMPP/xamppfiles/htdocs/skit/app/views/opencampus/conf.ctp, line 7]
2011-10-20 07:26:02 Notice: Notice (8): Undefined index: event_day in [/Applications/XAMPP/xamppfiles/htdocs/skit/app/views/opencampus/conf.ctp, line 44]
2011-10-20 07:26:02 Notice: Notice (8): Undefined index: event_day in [/Applications/XAMPP/xamppfiles/htdocs/skit/app/views/opencampus/conf.ctp, line 52]
2011-10-20 07:26:36 Notice: Notice (8): Undefined variable: title_for_layout in [/Applications/XAMPP/xamppfiles/htdocs/skit/app/views/opencampus/conf.ctp, line 7]
2011-10-20 07:26:36 Notice: Notice (8): Undefined index: event_day in [/Applications/XAMPP/xamppfiles/htdocs/skit/app/views/opencampus/conf.ctp, line 44]
2011-10-20 07:26:36 Notice: Notice (8): Undefined index: event_day in [/Applications/XAMPP/xamppfiles/htdocs/skit/app/views/opencampus/conf.ctp, line 52]
2011-10-20 07:26:40 Notice: Notice (8): Undefined variable: title_for_layout in [/Applications/XAMPP/xamppfiles/htdocs/skit/app/views/opencampus/index.ctp, line 7]
2011-10-20 07:26:43 Notice: Notice (8): Undefined variable: title_for_layout in [/Applications/XAMPP/xamppfiles/htdocs/skit/app/views/opencampus/index.ctp, line 7]
2011-10-20 07:26:45 Notice: Notice (8): Undefined variable: title_for_layout in [/Applications/XAMPP/xamppfiles/htdocs/skit/app/views/opencampus/reserv.ctp, line 7]
2011-10-20 07:26:49 Notice: Notice (8): Undefined variable: title_for_layout in [/Applications/XAMPP/xamppfiles/htdocs/skit/app/views/opencampus/conf.ctp, line 7]
2011-10-20 07:26:55 Notice: Notice (8): Undefined variable: title_for_layout in [/Applications/XAMPP/xamppfiles/htdocs/skit/app/views/opencampus/index.ctp, line 7]
2011-10-20 07:26:58 Notice: Notice (8): Undefined variable: title_for_layout in [/Applications/XAMPP/xamppfiles/htdocs/skit/app/views/opencampus/index.ctp, line 7]
2011-10-20 07:27:02 Notice: Notice (8): Undefined variable: title_for_layout in [/Applications/XAMPP/xamppfiles/htdocs/skit/app/views/opencampus/index.ctp, line 7]
2011-10-20 07:31:21 Notice: Notice (8): Undefined variable: title_for_layout in [/Applications/XAMPP/xamppfiles/htdocs/skit/app/views/experience/index.ctp, line 7]
2011-10-20 07:31:27 Notice: Notice (8): Undefined variable: title_for_layout in [/Applications/XAMPP/xamppfiles/htdocs/skit/app/views/experience/index.ctp, line 7]
2011-10-20 07:31:28 Notice: Notice (8): Undefined variable: title_for_layout in [/Applications/XAMPP/xamppfiles/htdocs/skit/app/views/experience/reserv.ctp, line 7]
2011-10-20 07:31:33 Notice: Notice (8): Undefined variable: title_for_layout in [/Applications/XAMPP/xamppfiles/htdocs/skit/app/views/experience/conf.ctp, line 7]
2011-10-20 07:31:33 Notice: Notice (8): Undefined index: event_day in [/Applications/XAMPP/xamppfiles/htdocs/skit/app/views/experience/conf.ctp, line 44]
2011-10-20 07:31:33 Notice: Notice (8): Undefined index: event_day in [/Applications/XAMPP/xamppfiles/htdocs/skit/app/views/experience/conf.ctp, line 51]
2011-10-20 07:32:37 Notice: Notice (8): Undefined variable: title_for_layout in [/Applications/XAMPP/xamppfiles/htdocs/skit/app/views/experience/conf.ctp, line 7]
2011-10-20 07:32:37 Notice: Notice (8): Undefined index: event_day in [/Applications/XAMPP/xamppfiles/htdocs/skit/app/views/experience/conf.ctp, line 44]
2011-10-20 07:32:37 Notice: Notice (8): Undefined index: event_day in [/Applications/XAMPP/xamppfiles/htdocs/skit/app/views/experience/conf.ctp, line 51]
2011-10-20 07:33:43 Notice: Notice (8): Undefined variable: title_for_layout in [/Applications/XAMPP/xamppfiles/htdocs/skit/app/views/experience/conf.ctp, line 7]
2011-10-20 07:33:43 Notice: Notice (8): Undefined index: dept in [/Applications/XAMPP/xamppfiles/htdocs/skit/app/views/experience/conf.ctp, line 46]
2011-10-20 07:33:43 Notice: Notice (8): Undefined index: dept in [/Applications/XAMPP/xamppfiles/htdocs/skit/app/views/experience/conf.ctp, line 52]
2011-10-20 07:35:03 Notice: Notice (8): Undefined variable: title_for_layout in [/Applications/XAMPP/xamppfiles/htdocs/skit/app/views/experience/conf.ctp, line 7]
2011-10-20 07:35:03 Notice: Notice (8): Undefined index: dept in [/Applications/XAMPP/xamppfiles/htdocs/skit/app/views/experience/conf.ctp, line 46]
2011-10-20 07:35:03 Notice: Notice (8): Undefined index: dept in [/Applications/XAMPP/xamppfiles/htdocs/skit/app/views/experience/conf.ctp, line 52]
2011-10-20 07:36:11 Notice: Notice (8): Undefined variable: title_for_layout in [/Applications/XAMPP/xamppfiles/htdocs/skit/app/views/experience/conf.ctp, line 7]
2011-10-20 07:36:11 Notice: Notice (8): Undefined index: dept in [/Applications/XAMPP/xamppfiles/htdocs/skit/app/views/experience/conf.ctp, line 46]
2011-10-20 07:36:11 Notice: Notice (8): Undefined index: dept in [/Applications/XAMPP/xamppfiles/htdocs/skit/app/views/experience/conf.ctp, line 53]
2011-10-20 07:36:39 Notice: Notice (8): Undefined variable: title_for_layout in [/Applications/XAMPP/xamppfiles/htdocs/skit/app/views/experience/conf.ctp, line 7]
2011-10-20 07:36:39 Notice: Notice (8): Undefined index: dept in [/Applications/XAMPP/xamppfiles/htdocs/skit/app/views/experience/conf.ctp, line 46]
2011-10-20 07:36:39 Notice: Notice (8): Undefined index: dept in [/Applications/XAMPP/xamppfiles/htdocs/skit/app/views/experience/conf.ctp, line 52]
2011-10-20 07:37:03 Notice: Notice (8): Undefined variable: title_for_layout in [/Applications/XAMPP/xamppfiles/htdocs/skit/app/views/experience/conf.ctp, line 7]
2011-10-20 07:37:03 Notice: Notice (8): Undefined index: dept in [/Applications/XAMPP/xamppfiles/htdocs/skit/app/views/experience/conf.ctp, line 46]
2011-10-20 07:37:03 Notice: Notice (8): Undefined index: dept in [/Applications/XAMPP/xamppfiles/htdocs/skit/app/views/experience/conf.ctp, line 52]
2011-10-20 07:37:05 Notice: Notice (8): Undefined variable: title_for_layout in [/Applications/XAMPP/xamppfiles/htdocs/skit/app/views/experience/index.ctp, line 7]
2011-10-20 07:37:08 Notice: Notice (8): Undefined variable: title_for_layout in [/Applications/XAMPP/xamppfiles/htdocs/skit/app/views/experience/index.ctp, line 7]
2011-10-20 07:37:10 Notice: Notice (8): Undefined variable: title_for_layout in [/Applications/XAMPP/xamppfiles/htdocs/skit/app/views/experience/reserv.ctp, line 7]
2011-10-20 07:37:14 Notice: Notice (8): Undefined variable: title_for_layout in [/Applications/XAMPP/xamppfiles/htdocs/skit/app/views/experience/conf.ctp, line 7]
2011-10-20 07:37:16 Notice: Notice (8): Undefined variable: title_for_layout in [/Applications/XAMPP/xamppfiles/htdocs/skit/app/views/experience/index.ctp, line 7]
2011-10-20 07:39:55 Notice: Notice (8): Undefined variable: title_for_layout in [/Applications/XAMPP/xamppfiles/htdocs/skit/app/views/attend/index.ctp, line 7]
2011-10-20 07:40:11 Notice: Notice (8): Undefined variable: title_for_layout in [/Applications/XAMPP/xamppfiles/htdocs/skit/app/views/attend/ex_conf.ctp, line 7]
2011-10-20 07:41:33 Notice: Notice (8): Undefined variable: title_for_layout in [/Applications/XAMPP/xamppfiles/htdocs/skit/app/views/attend/index.ctp, line 7]
2011-10-20 07:41:35 Notice: Notice (8): Undefined variable: title_for_layout in [/Applications/XAMPP/xamppfiles/htdocs/skit/app/views/attend/ex_conf.ctp, line 7]
2011-10-20 07:41:37 Notice: Notice (8): Undefined variable: title_for_layout in [/Applications/XAMPP/xamppfiles/htdocs/skit/app/views/attend/index.ctp, line 7]
2011-10-20 07:42:04 Notice: Notice (8): Undefined variable: title_for_layout in [/Applications/XAMPP/xamppfiles/htdocs/skit/app/views/confattend/index.ctp, line 7]
2011-10-20 07:42:10 Notice: Notice (8): Undefined variable: title_for_layout in [/Applications/XAMPP/xamppfiles/htdocs/skit/app/views/confattend/op_select.ctp, line 7]
2011-10-20 07:44:15 Notice: Notice (8): Undefined variable: title_for_layout in [/Applications/XAMPP/xamppfiles/htdocs/skit/app/views/confattend/index.ctp, line 7]
2011-10-20 07:44:51 Notice: Notice (8): Undefined variable: title_for_layout in [/Applications/XAMPP/xamppfiles/htdocs/skit/app/views/confattend/op_select.ctp, line 7]
2011-10-20 07:51:55 Notice: Notice (8): Undefined variable: title_for_layout in [/Applications/XAMPP/xamppfiles/htdocs/skit/app/views/confattend/index.ctp, line 7]
2011-10-20 07:51:57 Notice: Notice (8): Undefined variable: title_for_layout in [/Applications/XAMPP/xamppfiles/htdocs/skit/app/views/confattend/op_select.ctp, line 7]
2011-10-20 07:52:00 Notice: Notice (8): Undefined variable: title_for_layout in [/Applications/XAMPP/xamppfiles/htdocs/skit/app/views/confattend/ex_select.ctp, line 7]
2011-10-20 07:52:02 Notice: Notice (8): Undefined variable: title_for_layout in [/Applications/XAMPP/xamppfiles/htdocs/skit/app/views/confattend/op_select.ctp, line 7]
2011-10-20 07:52:32 Notice: Notice (8): Undefined variable: title_for_layout in [/Applications/XAMPP/xamppfiles/htdocs/skit/app/views/confattend/ex_select.ctp, line 7]
2011-10-20 20:54:30 Notice: Notice (8): Undefined variable: title_for_layout in [/Applications/XAMPP/xamppfiles/htdocs/skit/app/views/index/index.ctp, line 7]
2011-10-20 20:55:00 Notice: Notice (8): Undefined variable: title_for_layout in [/Applications/XAMPP/xamppfiles/htdocs/skit/app/views/confattend/index.ctp, line 7]
2011-10-20 20:55:03 Notice: Notice (8): Undefined variable: title_for_layout in [/Applications/XAMPP/xamppfiles/htdocs/skit/app/views/confattend/op_select.ctp, line 7]
2011-10-20 20:55:52 Notice: Notice (8): Undefined variable: title_for_layout in [/Applications/XAMPP/xamppfiles/htdocs/skit/app/views/attend/index.ctp, line 7]
2011-10-20 20:55:56 Notice: Notice (8): Undefined variable: title_for_layout in [/Applications/XAMPP/xamppfiles/htdocs/skit/app/views/attend/ex_conf.ctp, line 7]
2011-10-20 20:55:58 Notice: Notice (8): Undefined variable: title_for_layout in [/Applications/XAMPP/xamppfiles/htdocs/skit/app/views/attend/index.ctp, line 7]
2011-10-21 03:01:18 Notice: Notice (8): Undefined variable: title_for_layout in [/Applications/XAMPP/xamppfiles/htdocs/skit/app/views/index/index.ctp, line 7]
2011-10-21 03:01:20 Notice: Notice (8): Undefined variable: title_for_layout in [/Applications/XAMPP/xamppfiles/htdocs/skit/app/views/attend/index.ctp, line 7]
2011-10-21 03:01:23 Notice: Notice (8): Undefined variable: title_for_layout in [/Applications/XAMPP/xamppfiles/htdocs/skit/app/views/confattend/index.ctp, line 7]
2011-10-21 03:01:25 Notice: Notice (8): Undefined variable: title_for_layout in [/Applications/XAMPP/xamppfiles/htdocs/skit/app/views/confattend/op_select.ctp, line 7]
2011-10-21 03:01:36 Notice: Notice (8): Undefined variable: title_for_layout in [/Applications/XAMPP/xamppfiles/htdocs/skit/app/views/confattend/ex_select.ctp, line 7]
2011-10-21 03:01:41 Notice: Notice (8): Undefined variable: title_for_layout in [/Applications/XAMPP/xamppfiles/htdocs/skit/app/views/confattend/op_select.ctp, line 7]
2011-10-21 03:01:44 Notice: Notice (8): Undefined variable: title_for_layout in [/Applications/XAMPP/xamppfiles/htdocs/skit/app/views/confattend/ex_select.ctp, line 7]
2011-10-21 03:01:47 Notice: Notice (8): Undefined variable: title_for_layout in [/Applications/XAMPP/xamppfiles/htdocs/skit/app/views/confattend/ex_select.ctp, line 7]
2011-10-21 03:01:50 Notice: Notice (8): Undefined variable: title_for_layout in [/Applications/XAMPP/xamppfiles/htdocs/skit/app/views/confattend/op_select.ctp, line 7]
2011-10-21 03:02:20 Notice: Notice (8): Undefined variable: title_for_layout in [/Applications/XAMPP/xamppfiles/htdocs/skit/app/views/confattend/op_select.ctp, line 7]
2011-10-21 03:02:23 Notice: Notice (8): Undefined variable: title_for_layout in [/Applications/XAMPP/xamppfiles/htdocs/skit/app/views/confattend/op_select.ctp, line 7]
2011-10-21 03:02:26 Notice: Notice (8): Undefined variable: title_for_layout in [/Applications/XAMPP/xamppfiles/htdocs/skit/app/views/confattend/ex_select.ctp, line 7]
2011-10-21 03:02:28 Notice: Notice (8): Undefined variable: title_for_layout in [/Applications/XAMPP/xamppfiles/htdocs/skit/app/views/confattend/ex_select.ctp, line 7]
2011-10-21 03:02:30 Notice: Notice (8): Undefined variable: title_for_layout in [/Applications/XAMPP/xamppfiles/htdocs/skit/app/views/confattend/op_select.ctp, line 7]
2011-10-21 03:02:32 Notice: Notice (8): Undefined variable: title_for_layout in [/Applications/XAMPP/xamppfiles/htdocs/skit/app/views/confattend/ex_select.ctp, line 7]
2011-10-21 03:02:55 Notice: Notice (8): Undefined variable: title_for_layout in [/Applications/XAMPP/xamppfiles/htdocs/skit/app/views/opencampus/index.ctp, line 7]
2011-10-21 03:03:02 Notice: Notice (8): Undefined variable: title_for_layout in [/Applications/XAMPP/xamppfiles/htdocs/skit/app/views/opencampus/index.ctp, line 7]
2011-10-21 03:03:04 Notice: Notice (8): Undefined variable: title_for_layout in [/Applications/XAMPP/xamppfiles/htdocs/skit/app/views/opencampus/reserv.ctp, line 7]
2011-10-21 03:03:11 Notice: Notice (8): Undefined variable: title_for_layout in [/Applications/XAMPP/xamppfiles/htdocs/skit/app/views/opencampus/conf.ctp, line 7]
2011-10-21 03:03:13 Notice: Notice (8): Undefined variable: title_for_layout in [/Applications/XAMPP/xamppfiles/htdocs/skit/app/views/opencampus/index.ctp, line 7]
2011-10-21 03:03:15 Notice: Notice (8): Undefined variable: title_for_layout in [/Applications/XAMPP/xamppfiles/htdocs/skit/app/views/confattend/index.ctp, line 7]
2011-10-21 03:03:17 Notice: Notice (8): Undefined variable: title_for_layout in [/Applications/XAMPP/xamppfiles/htdocs/skit/app/views/confattend/op_select.ctp, line 7]
2011-10-21 03:03:22 Notice: Notice (8): Undefined variable: title_for_layout in [/Applications/XAMPP/xamppfiles/htdocs/skit/app/views/experience/index.ctp, line 7]
2011-10-21 03:03:26 Notice: Notice (8): Undefined variable: title_for_layout in [/Applications/XAMPP/xamppfiles/htdocs/skit/app/views/experience/index.ctp, line 7]
2011-10-21 03:03:28 Notice: Notice (8): Undefined variable: title_for_layout in [/Applications/XAMPP/xamppfiles/htdocs/skit/app/views/experience/reserv.ctp, line 7]
2011-10-21 03:03:38 Notice: Notice (8): Undefined variable: title_for_layout in [/Applications/XAMPP/xamppfiles/htdocs/skit/app/views/opencampus/index.ctp, line 7]
2011-10-21 03:03:43 Notice: Notice (8): Undefined variable: title_for_layout in [/Applications/XAMPP/xamppfiles/htdocs/skit/app/views/opencampus/index.ctp, line 7]
2011-10-21 03:03:45 Notice: Notice (8): Undefined variable: title_for_layout in [/Applications/XAMPP/xamppfiles/htdocs/skit/app/views/opencampus/reserv.ctp, line 7]
2011-10-21 03:03:51 Notice: Notice (8): Undefined variable: title_for_layout in [/Applications/XAMPP/xamppfiles/htdocs/skit/app/views/attend/index.ctp, line 7]
2011-10-21 03:03:53 Notice: Notice (8): Undefined variable: title_for_layout in [/Applications/XAMPP/xamppfiles/htdocs/skit/app/views/confattend/index.ctp, line 7]
2011-10-21 03:03:55 Notice: Notice (8): Undefined variable: title_for_layout in [/Applications/XAMPP/xamppfiles/htdocs/skit/app/views/attend/index.ctp, line 7]
2011-10-21 03:03:59 Notice: Notice (8): Undefined variable: title_for_layout in [/Applications/XAMPP/xamppfiles/htdocs/skit/app/views/confattend/index.ctp, line 7]
2011-10-21 03:04:12 Notice: Notice (8): Undefined variable: title_for_layout in [/Applications/XAMPP/xamppfiles/htdocs/skit/app/views/index/index.ctp, line 7]
2011-10-21 03:04:13 Notice: Notice (8): Undefined variable: title_for_layout in [/Applications/XAMPP/xamppfiles/htdocs/skit/app/views/confattend/index.ctp, line 7]
2011-10-21 03:04:15 Notice: Notice (8): Undefined variable: title_for_layout in [/Applications/XAMPP/xamppfiles/htdocs/skit/app/views/confattend/op_select.ctp, line 7]
2011-10-21 03:04:19 Notice: Notice (8): Undefined variable: title_for_layout in [/Applications/XAMPP/xamppfiles/htdocs/skit/app/views/confattend/ex_select.ctp, line 7]
2011-10-21 03:04:22 Notice: Notice (8): Undefined variable: title_for_layout in [/Applications/XAMPP/xamppfiles/htdocs/skit/app/views/confattend/op_select.ctp, line 7]
2011-10-21 03:04:38 Notice: Notice (8): Undefined variable: title_for_layout in [/Applications/XAMPP/xamppfiles/htdocs/skit/app/views/confattend/op_select.ctp, line 7]
2011-10-21 04:08:59 Notice: Notice (8): Undefined variable: title_for_layout in [/Applications/XAMPP/xamppfiles/htdocs/skit/app/views/index/index.ctp, line 7]
2011-10-21 04:09:01 Notice: Notice (8): Undefined variable: title_for_layout in [/Applications/XAMPP/xamppfiles/htdocs/skit/app/views/attend/index.ctp, line 7]
2011-10-21 04:09:03 Notice: Notice (8): Undefined variable: title_for_layout in [/Applications/XAMPP/xamppfiles/htdocs/skit/app/views/attend/ex_conf.ctp, line 7]
2011-10-21 04:09:06 Notice: Notice (8): Undefined variable: title_for_layout in [/Applications/XAMPP/xamppfiles/htdocs/skit/app/views/confattend/index.ctp, line 7]
2011-10-21 04:09:08 Notice: Notice (8): Undefined variable: title_for_layout in [/Applications/XAMPP/xamppfiles/htdocs/skit/app/views/confattend/op_select.ctp, line 7]
2011-10-21 04:09:12 Notice: Notice (8): Undefined variable: title_for_layout in [/Applications/XAMPP/xamppfiles/htdocs/skit/app/views/confattend/ex_select.ctp, line 7]
2011-10-22 00:51:09 Notice: Notice (8): Undefined variable: title_for_layout in [/Applications/XAMPP/xamppfiles/htdocs/skit/app/views/index/index.ctp, line 7]
2011-10-22 00:54:33 Notice: Notice (8): Undefined variable: title_for_layout in [/Applications/XAMPP/xamppfiles/htdocs/skit/app/views/index/index.ctp, line 7]
2011-10-22 00:54:34 Notice: Notice (8): Undefined variable: title_for_layout in [/Applications/XAMPP/xamppfiles/htdocs/skit/app/views/index/index.ctp, line 7]
2011-10-22 00:54:35 Notice: Notice (8): Undefined variable: title_for_layout in [/Applications/XAMPP/xamppfiles/htdocs/skit/app/views/addstudent/index.ctp, line 7]
2011-10-22 01:30:10 Notice: Notice (8): Undefined variable: title_for_layout in [/Applications/XAMPP/xamppfiles/htdocs/skit/app/views/opencampus/index.ctp, line 7]
2011-10-22 01:30:12 Notice: Notice (8): Undefined variable: title_for_layout in [/Applications/XAMPP/xamppfiles/htdocs/skit/app/views/experience/index.ctp, line 7]
2011-10-22 01:30:13 Notice: Notice (8): Undefined variable: title_for_layout in [/Applications/XAMPP/xamppfiles/htdocs/skit/app/views/attend/index.ctp, line 7]
2011-10-22 01:30:14 Notice: Notice (8): Undefined variable: title_for_layout in [/Applications/XAMPP/xamppfiles/htdocs/skit/app/views/confattend/index.ctp, line 7]
2011-10-22 01:30:15 Notice: Notice (8): Undefined variable: title_for_layout in [/Applications/XAMPP/xamppfiles/htdocs/skit/app/views/addstudent/index.ctp, line 7]
2011-10-22 01:30:52 Notice: Notice (8): Undefined variable: title_for_layout in [/Applications/XAMPP/xamppfiles/htdocs/skit/app/views/addstudent/index.ctp, line 7]
2011-10-22 01:30:53 Notice: Notice (8): Undefined variable: title_for_layout in [/Applications/XAMPP/xamppfiles/htdocs/skit/app/views/opencampus/index.ctp, line 7]
2011-10-22 01:30:53 Notice: Notice (8): Undefined variable: title_for_layout in [/Applications/XAMPP/xamppfiles/htdocs/skit/app/views/experience/index.ctp, line 7]
2011-10-22 01:30:54 Notice: Notice (8): Undefined variable: title_for_layout in [/Applications/XAMPP/xamppfiles/htdocs/skit/app/views/attend/index.ctp, line 7]
2011-10-22 01:30:55 Notice: Notice (8): Undefined variable: title_for_layout in [/Applications/XAMPP/xamppfiles/htdocs/skit/app/views/confattend/index.ctp, line 7]
2011-10-22 01:30:56 Notice: Notice (8): Undefined variable: title_for_layout in [/Applications/XAMPP/xamppfiles/htdocs/skit/app/views/addstudent/index.ctp, line 7]
2011-10-22 01:38:36 Notice: Notice (8): Undefined variable: title_for_layout in [/Applications/XAMPP/xamppfiles/htdocs/skit/app/views/index/index.ctp, line 7]
2011-10-22 01:38:37 Notice: Notice (8): Undefined variable: title_for_layout in [/Applications/XAMPP/xamppfiles/htdocs/skit/app/views/addstudent/index.ctp, line 7]
2011-10-22 01:38:38 Notice: Notice (8): Undefined variable: title_for_layout in [/Applications/XAMPP/xamppfiles/htdocs/skit/app/views/opencampus/index.ctp, line 7]
2011-10-22 01:50:16 Notice: Notice (8): Undefined variable: title_for_layout in [/Applications/XAMPP/xamppfiles/htdocs/skit/app/views/addstudent/index.ctp, line 7]
2011-10-22 01:50:17 Notice: Notice (8): Undefined variable: title_for_layout in [/Applications/XAMPP/xamppfiles/htdocs/skit/app/views/index/index.ctp, line 7]
2011-10-22 01:50:18 Notice: Notice (8): Undefined variable: title_for_layout in [/Applications/XAMPP/xamppfiles/htdocs/skit/app/views/addstudent/index.ctp, line 7]
2011-10-22 01:50:18 Notice: Notice (8): Undefined variable: title_for_layout in [/Applications/XAMPP/xamppfiles/htdocs/skit/app/views/opencampus/index.ctp, line 7]
2011-10-22 01:50:19 Notice: Notice (8): Undefined variable: title_for_layout in [/Applications/XAMPP/xamppfiles/htdocs/skit/app/views/experience/index.ctp, line 7]
2011-10-22 01:50:20 Notice: Notice (8): Undefined variable: title_for_layout in [/Applications/XAMPP/xamppfiles/htdocs/skit/app/views/attend/index.ctp, line 7]
2011-10-22 01:50:21 Notice: Notice (8): Undefined variable: title_for_layout in [/Applications/XAMPP/xamppfiles/htdocs/skit/app/views/confattend/index.ctp, line 7]
2011-10-22 01:51:58 Notice: Notice (8): Undefined variable: title_for_layout in [/Applications/XAMPP/xamppfiles/htdocs/skit/app/views/opencampus/index.ctp, line 7]
2011-10-22 01:52:07 Notice: Notice (8): Undefined variable: title_for_layout in [/Applications/XAMPP/xamppfiles/htdocs/skit/app/views/opencampus/index.ctp, line 7]
2011-10-22 01:52:08 Notice: Notice (8): Undefined variable: title_for_layout in [/Applications/XAMPP/xamppfiles/htdocs/skit/app/views/opencampus/index.ctp, line 7]
2011-10-22 01:53:22 Notice: Notice (8): Undefined variable: title_for_layout in [/Applications/XAMPP/xamppfiles/htdocs/skit/app/views/experience/index.ctp, line 7]
2011-10-22 01:53:25 Notice: Notice (8): Undefined variable: title_for_layout in [/Applications/XAMPP/xamppfiles/htdocs/skit/app/views/experience/index.ctp, line 7]
2011-10-22 01:53:26 Notice: Notice (8): Undefined variable: title_for_layout in [/Applications/XAMPP/xamppfiles/htdocs/skit/app/views/experience/reserv.ctp, line 7]
2011-10-22 01:53:30 Notice: Notice (8): Undefined variable: title_for_layout in [/Applications/XAMPP/xamppfiles/htdocs/skit/app/views/experience/conf.ctp, line 7]
2011-10-22 01:53:31 Notice: Notice (8): Undefined variable: title_for_layout in [/Applications/XAMPP/xamppfiles/htdocs/skit/app/views/experience/index.ctp, line 7]
2011-10-22 08:11:13 Notice: Notice (8): Undefined variable: title_for_layout in [/Applications/XAMPP/xamppfiles/htdocs/skit/app/views/index/index.ctp, line 7]
2011-10-22 08:11:14 Notice: Notice (8): Undefined variable: title_for_layout in [/Applications/XAMPP/xamppfiles/htdocs/skit/app/views/confattend/index.ctp, line 7]
2011-10-22 08:11:21 Notice: Notice (8): Undefined variable: title_for_layout in [/Applications/XAMPP/xamppfiles/htdocs/skit/app/views/confattend/op_select.ctp, line 7]
2011-10-22 08:11:25 Notice: Notice (8): Undefined variable: title_for_layout in [/Applications/XAMPP/xamppfiles/htdocs/skit/app/views/addstudent/index.ctp, line 7]
2011-10-22 08:11:27 Notice: Notice (8): Undefined variable: title_for_layout in [/Applications/XAMPP/xamppfiles/htdocs/skit/app/views/opencampus/index.ctp, line 7]
2011-10-22 08:11:28 Notice: Notice (8): Undefined variable: title_for_layout in [/Applications/XAMPP/xamppfiles/htdocs/skit/app/views/experience/index.ctp, line 7]
2011-10-22 08:11:29 Notice: Notice (8): Undefined variable: title_for_layout in [/Applications/XAMPP/xamppfiles/htdocs/skit/app/views/confattend/index.ctp, line 7]
2011-10-22 08:11:30 Notice: Notice (8): Undefined variable: title_for_layout in [/Applications/XAMPP/xamppfiles/htdocs/skit/app/views/attend/index.ctp, line 7]
2011-10-22 08:11:32 Notice: Notice (8): Undefined variable: title_for_layout in [/Applications/XAMPP/xamppfiles/htdocs/skit/app/views/confattend/index.ctp, line 7]
2011-10-22 08:13:07 Notice: Notice (8): Undefined variable: title_for_layout in [/Applications/XAMPP/xamppfiles/htdocs/skit/app/views/confattend/index.ctp, line 7]
2011-10-22 08:13:09 Notice: Notice (8): Undefined variable: title_for_layout in [/Applications/XAMPP/xamppfiles/htdocs/skit/app/views/confattend/op_select.ctp, line 7]
2011-10-22 08:13:13 Notice: Notice (8): Undefined variable: title_for_layout in [/Applications/XAMPP/xamppfiles/htdocs/skit/app/views/confattend/op_conf.ctp, line 7]
2011-10-22 08:43:26 Notice: Notice (8): Undefined variable: title_for_layout in [/Applications/XAMPP/xamppfiles/htdocs/skit/app/views/index/index.ctp, line 7]
2011-10-22 08:43:33 Notice: Notice (8): Undefined variable: title_for_layout in [/Applications/XAMPP/xamppfiles/htdocs/skit/app/views/addstudent/index.ctp, line 7]
2011-10-22 08:43:38 Notice: Notice (8): Undefined variable: title_for_layout in [/Applications/XAMPP/xamppfiles/htdocs/skit/app/views/opencampus/index.ctp, line 7]
2011-10-22 08:43:38 Notice: Notice (8): Undefined variable: title_for_layout in [/Applications/XAMPP/xamppfiles/htdocs/skit/app/views/experience/index.ctp, line 7]
2011-10-22 08:43:39 Notice: Notice (8): Undefined variable: title_for_layout in [/Applications/XAMPP/xamppfiles/htdocs/skit/app/views/confattend/index.ctp, line 7]
2011-10-22 08:43:40 Notice: Notice (8): Undefined variable: title_for_layout in [/Applications/XAMPP/xamppfiles/htdocs/skit/app/views/index/index.ctp, line 7]
2011-10-22 08:44:27 Notice: Notice (8): Undefined variable: title_for_layout in [/Applications/XAMPP/xamppfiles/htdocs/skit/app/views/index/index.ctp, line 7]
2011-10-22 08:47:47 Notice: Notice (8): Undefined variable: title_for_layout in [/Applications/XAMPP/xamppfiles/htdocs/skit/app/views/attend/index.ctp, line 7]
2011-10-22 08:47:48 Notice: Notice (8): Undefined variable: title_for_layout in [/Applications/XAMPP/xamppfiles/htdocs/skit/app/views/confattend/index.ctp, line 7]
2011-10-22 09:05:03 Notice: Notice (8): Undefined variable: title_for_layout in [/Applications/XAMPP/xamppfiles/htdocs/skit/app/views/confattend/index.ctp, line 7]
2011-10-22 09:05:04 Notice: Notice (8): Undefined variable: title_for_layout in [/Applications/XAMPP/xamppfiles/htdocs/skit/app/views/createqr/index.ctp, line 7]
2011-10-22 10:36:50 Notice: Notice (8): Undefined variable: title_for_layout in [/Applications/XAMPP/xamppfiles/htdocs/skit/app/views/index/index.ctp, line 7]
2011-10-22 10:36:51 Notice: Notice (8): Undefined variable: title_for_layout in [/Applications/XAMPP/xamppfiles/htdocs/skit/app/views/addstudent/index.ctp, line 7]
2011-10-22 10:36:52 Notice: Notice (8): Undefined variable: title_for_layout in [/Applications/XAMPP/xamppfiles/htdocs/skit/app/views/opencampus/index.ctp, line 7]
2011-10-22 10:36:52 Notice: Notice (8): Undefined variable: title_for_layout in [/Applications/XAMPP/xamppfiles/htdocs/skit/app/views/experience/index.ctp, line 7]
2011-10-22 10:36:53 Notice: Notice (8): Undefined variable: title_for_layout in [/Applications/XAMPP/xamppfiles/htdocs/skit/app/views/confattend/index.ctp, line 7]
2011-10-22 10:36:54 Notice: Notice (8): Undefined variable: title_for_layout in [/Applications/XAMPP/xamppfiles/htdocs/skit/app/views/createqr/index.ctp, line 7]
2011-10-22 10:36:54 Notice: Notice (8): Undefined variable: title_for_layout in [/Applications/XAMPP/xamppfiles/htdocs/skit/app/views/attend/index.ctp, line 7]
2011-10-22 10:46:35 Notice: Notice (8): Undefined variable: title_for_layout in [/Applications/XAMPP/xamppfiles/htdocs/skit/app/views/index/index.ctp, line 7]
2011-10-22 10:46:37 Notice: Notice (8): Undefined variable: title_for_layout in [/Applications/XAMPP/xamppfiles/htdocs/skit/app/views/addstudent/index.ctp, line 7]
2011-10-22 10:46:38 Notice: Notice (8): Undefined variable: title_for_layout in [/Applications/XAMPP/xamppfiles/htdocs/skit/app/views/opencampus/index.ctp, line 7]
2011-10-22 10:46:39 Notice: Notice (8): Undefined variable: title_for_layout in [/Applications/XAMPP/xamppfiles/htdocs/skit/app/views/experience/index.ctp, line 7]
2011-10-22 10:46:39 Notice: Notice (8): Undefined variable: title_for_layout in [/Applications/XAMPP/xamppfiles/htdocs/skit/app/views/attend/index.ctp, line 7]
2011-10-22 10:46:40 Notice: Notice (8): Undefined variable: title_for_layout in [/Applications/XAMPP/xamppfiles/htdocs/skit/app/views/confattend/index.ctp, line 7]
2011-10-22 10:46:41 Notice: Notice (8): Undefined variable: title_for_layout in [/Applications/XAMPP/xamppfiles/htdocs/skit/app/views/createqr/index.ctp, line 7]
2011-10-22 10:46:46 Notice: Notice (8): Undefined variable: title_for_layout in [/Applications/XAMPP/xamppfiles/htdocs/skit/app/views/confattend/index.ctp, line 7]
2011-10-22 10:46:47 Notice: Notice (8): Undefined variable: title_for_layout in [/Applications/XAMPP/xamppfiles/htdocs/skit/app/views/attend/index.ctp, line 7]
2011-10-22 10:46:48 Notice: Notice (8): Undefined variable: title_for_layout in [/Applications/XAMPP/xamppfiles/htdocs/skit/app/views/createqr/index.ctp, line 7]
2011-10-22 10:47:19 Notice: Notice (8): Undefined variable: title_for_layout in [/Applications/XAMPP/xamppfiles/htdocs/skit/app/views/addstudent/index.ctp, line 7]
2011-10-22 10:47:20 Notice: Notice (8): Undefined variable: title_for_layout in [/Applications/XAMPP/xamppfiles/htdocs/skit/app/views/index/index.ctp, line 7]
2011-10-22 10:47:20 Notice: Notice (8): Undefined variable: title_for_layout in [/Applications/XAMPP/xamppfiles/htdocs/skit/app/views/addstudent/index.ctp, line 7]
2011-10-22 10:47:21 Notice: Notice (8): Undefined variable: title_for_layout in [/Applications/XAMPP/xamppfiles/htdocs/skit/app/views/opencampus/index.ctp, line 7]
2011-10-22 10:47:22 Notice: Notice (8): Undefined variable: title_for_layout in [/Applications/XAMPP/xamppfiles/htdocs/skit/app/views/experience/index.ctp, line 7]
2011-10-22 10:47:23 Notice: Notice (8): Undefined variable: title_for_layout in [/Applications/XAMPP/xamppfiles/htdocs/skit/app/views/opencampus/index.ctp, line 7]
2011-10-22 10:47:24 Notice: Notice (8): Undefined variable: title_for_layout in [/Applications/XAMPP/xamppfiles/htdocs/skit/app/views/addstudent/index.ctp, line 7]
2011-10-22 10:47:27 Notice: Notice (8): Undefined variable: title_for_layout in [/Applications/XAMPP/xamppfiles/htdocs/skit/app/views/opencampus/index.ctp, line 7]
2011-10-22 10:47:28 Notice: Notice (8): Undefined variable: title_for_layout in [/Applications/XAMPP/xamppfiles/htdocs/skit/app/views/experience/index.ctp, line 7]
2011-10-22 10:47:29 Notice: Notice (8): Undefined variable: title_for_layout in [/Applications/XAMPP/xamppfiles/htdocs/skit/app/views/attend/index.ctp, line 7]
2011-10-22 10:47:30 Notice: Notice (8): Undefined variable: title_for_layout in [/Applications/XAMPP/xamppfiles/htdocs/skit/app/views/confattend/index.ctp, line 7]
2011-10-22 10:47:31 Notice: Notice (8): Undefined variable: title_for_layout in [/Applications/XAMPP/xamppfiles/htdocs/skit/app/views/createqr/index.ctp, line 7]
2011-10-22 10:48:40 Notice: Notice (8): Undefined variable: title_for_layout in [/Applications/XAMPP/xamppfiles/htdocs/skit/app/views/createqr/index.ctp, line 7]
2011-10-22 10:48:48 Notice: Notice (8): Undefined variable: title_for_layout in [/Applications/XAMPP/xamppfiles/htdocs/skit/app/views/addstudent/index.ctp, line 7]
2011-10-22 10:48:48 Notice: Notice (8): Undefined variable: title_for_layout in [/Applications/XAMPP/xamppfiles/htdocs/skit/app/views/addstudent/index.ctp, line 7]
2011-10-22 10:48:53 Notice: Notice (8): Undefined variable: title_for_layout in [/Applications/XAMPP/xamppfiles/htdocs/skit/app/views/addstudent/index.ctp, line 7]
2011-10-22 10:48:53 Notice: Notice (8): Undefined variable: title_for_layout in [/Applications/XAMPP/xamppfiles/htdocs/skit/app/views/opencampus/index.ctp, line 7]
2011-10-22 10:48:54 Notice: Notice (8): Undefined variable: title_for_layout in [/Applications/XAMPP/xamppfiles/htdocs/skit/app/views/experience/index.ctp, line 7]
2011-10-22 10:48:55 Notice: Notice (8): Undefined variable: title_for_layout in [/Applications/XAMPP/xamppfiles/htdocs/skit/app/views/attend/index.ctp, line 7]
2011-10-22 10:48:56 Notice: Notice (8): Undefined variable: title_for_layout in [/Applications/XAMPP/xamppfiles/htdocs/skit/app/views/confattend/index.ctp, line 7]
2011-10-22 10:48:56 Notice: Notice (8): Undefined variable: title_for_layout in [/Applications/XAMPP/xamppfiles/htdocs/skit/app/views/createqr/index.ctp, line 7]
